  BaseObject.cpp
C:\Users\devon\OneDrive\Documents\Rudimentary-Evolution-Disseration\RudimentaryEvolution\Physics\Collider.h(7,10): fatal error C1083: Cannot open include file: 'Graphics/Color.hpp': No such file or directory
  Organism.cpp
C:\Users\devon\OneDrive\Documents\Rudimentary-Evolution-Disseration\RudimentaryEvolution\Physics\Collider.h(7,10): fatal error C1083: Cannot open include file: 'Graphics/Color.hpp': No such file or directory
  Food.cpp
C:\Users\devon\OneDrive\Documents\Rudimentary-Evolution-Disseration\RudimentaryEvolution\Physics\Collider.h(7,10): fatal error C1083: Cannot open include file: 'Graphics/Color.hpp': No such file or directory
  EvolutionSimulation.cpp
C:\Users\devon\OneDrive\Documents\Rudimentary-Evolution-Disseration\RudimentaryEvolution\Graphics\Rendering.h(2,10): fatal error C1083: Cannot open include file: 'Graphics.hpp': No such file or directory
  GeneticAlgorithm.cpp
C:\Users\devon\OneDrive\Documents\Rudimentary-Evolution-Disseration\RudimentaryEvolution\Physics\Collider.h(7,10): fatal error C1083: Cannot open include file: 'Graphics/Color.hpp': No such file or directory
  main.cpp
C:\Users\devon\OneDrive\Documents\Rudimentary-Evolution-Disseration\RudimentaryEvolution\Graphics\Rendering.h(2,10): fatal error C1083: Cannot open include file: 'Graphics.hpp': No such file or directory
  Collider.cpp
C:\Users\devon\OneDrive\Documents\Rudimentary-Evolution-Disseration\RudimentaryEvolution\Physics\Collider.h(7,10): fatal error C1083: Cannot open include file: 'Graphics/Color.hpp': No such file or directory
  CollisionPair.cpp
C:\Users\devon\OneDrive\Documents\Rudimentary-Evolution-Disseration\RudimentaryEvolution\Physics\Collider.h(7,10): fatal error C1083: Cannot open include file: 'Graphics/Color.hpp': No such file or directory
  RigidBody.cpp
C:\Users\devon\OneDrive\Documents\Rudimentary-Evolution-Disseration\RudimentaryEvolution\Physics\Collider.h(7,10): fatal error C1083: Cannot open include file: 'Graphics/Color.hpp': No such file or directory
  SimPhysics.cpp
C:\Users\devon\OneDrive\Documents\Rudimentary-Evolution-Disseration\RudimentaryEvolution\Physics\Collider.h(7,10): fatal error C1083: Cannot open include file: 'Graphics/Color.hpp': No such file or directory
  Wall.cpp
C:\Users\devon\OneDrive\Documents\Rudimentary-Evolution-Disseration\RudimentaryEvolution\Physics\Collider.h(7,10): fatal error C1083: Cannot open include file: 'Graphics/Color.hpp': No such file or directory
  Poison.cpp
C:\Users\devon\OneDrive\Documents\Rudimentary-Evolution-Disseration\RudimentaryEvolution\Physics\Collider.h(7,10): fatal error C1083: Cannot open include file: 'Graphics/Color.hpp': No such file or directory
  Rendering.cpp
C:\Users\devon\OneDrive\Documents\Rudimentary-Evolution-Disseration\RudimentaryEvolution\Graphics\Rendering.h(2,10): fatal error C1083: Cannot open include file: 'Graphics.hpp': No such file or directory
  Generating Code...
