  Organism.cpp
  EvolutionSimulation.cpp
  GeneticAlgorithm.cpp
C:\Users\dev\source\repos\dfoister\Rudimentary-Evolution-Dissertation\RudimentaryEvolution\GeneticAlgorithm.cpp(381,36): warning C4244: '=': conversion from 'double' to '_Ty', possible loss of data
          with
          [
              _Ty=float
          ]
C:\Users\dev\source\repos\dfoister\Rudimentary-Evolution-Dissertation\RudimentaryEvolution\GeneticAlgorithm.cpp(404,17): warning C4244: 'initializing': conversion from 'double' to 'float', possible loss of data
C:\Users\dev\source\repos\dfoister\Rudimentary-Evolution-Dissertation\RudimentaryEvolution\GeneticAlgorithm.cpp(762,17): warning C4244: 'initializing': conversion from 'double' to 'float', possible loss of data
C:\Users\dev\source\repos\dfoister\Rudimentary-Evolution-Dissertation\RudimentaryEvolution\GeneticAlgorithm.cpp(815,36): warning C4244: '=': conversion from 'double' to '_Ty', possible loss of data
          with
          [
              _Ty=float
          ]
  main.cpp
  Generating code
  8 of 1580 functions ( 0.5%) were compiled, the rest were copied from previous compilation.
    1 functions were new in current compilation
    11 functions had inline decision re-evaluated but remain unchanged
  Finished generating code
  RudimentaryEvolution.vcxproj -> C:\Users\dev\source\repos\dfoister\Rudimentary-Evolution-Dissertation\RudimentaryEvolution\Release\RudimentaryEvolution.exe
