c:\users\dev\source\repos\dfoister\rudimentary-evolution-dissertation\rudimentaryevolution\release\vc142.pdb
c:\users\dev\source\repos\dfoister\rudimentary-evolution-dissertation\rudimentaryevolution\release\rendering.obj
c:\users\dev\source\repos\dfoister\rudimentary-evolution-dissertation\rudimentaryevolution\release\poison.obj
c:\users\dev\source\repos\dfoister\rudimentary-evolution-dissertation\rudimentaryevolution\release\wall.obj
c:\users\dev\source\repos\dfoister\rudimentary-evolution-dissertation\rudimentaryevolution\release\simphysics.obj
c:\users\dev\source\repos\dfoister\rudimentary-evolution-dissertation\rudimentaryevolution\release\rigidbody.obj
c:\users\dev\source\repos\dfoister\rudimentary-evolution-dissertation\rudimentaryevolution\release\collisionpair.obj
c:\users\dev\source\repos\dfoister\rudimentary-evolution-dissertation\rudimentaryevolution\release\collider.obj
c:\users\dev\source\repos\dfoister\rudimentary-evolution-dissertation\rudimentaryevolution\release\main.obj
c:\users\dev\source\repos\dfoister\rudimentary-evolution-dissertation\rudimentaryevolution\release\geneticalgorithm.obj
c:\users\dev\source\repos\dfoister\rudimentary-evolution-dissertation\rudimentaryevolution\release\evolutionsimulation.obj
c:\users\dev\source\repos\dfoister\rudimentary-evolution-dissertation\rudimentaryevolution\release\food.obj
c:\users\dev\source\repos\dfoister\rudimentary-evolution-dissertation\rudimentaryevolution\release\organism.obj
c:\users\dev\source\repos\dfoister\rudimentary-evolution-dissertation\rudimentaryevolution\release\baseobject.obj
c:\users\devon\source\repos\rudimentary-evolution-dissertation\rudimentaryevolution\release\vc142.pdb
c:\users\devon\source\repos\rudimentary-evolution-dissertation\rudimentaryevolution\release\rendering.obj
c:\users\devon\source\repos\rudimentary-evolution-dissertation\rudimentaryevolution\release\main.obj
c:\users\devon\source\repos\rudimentary-evolution-dissertation\rudimentaryevolution\release\collider.obj
c:\users\devon\source\repos\rudimentary-evolution-dissertation\rudimentaryevolution\release\poison.obj
c:\users\devon\source\repos\rudimentary-evolution-dissertation\rudimentaryevolution\release\wall.obj
c:\users\devon\source\repos\rudimentary-evolution-dissertation\rudimentaryevolution\release\simphysics.obj
c:\users\devon\source\repos\rudimentary-evolution-dissertation\rudimentaryevolution\release\rigidbody.obj
c:\users\devon\source\repos\rudimentary-evolution-dissertation\rudimentaryevolution\release\collisionpair.obj
c:\users\devon\source\repos\rudimentary-evolution-dissertation\rudimentaryevolution\release\geneticalgorithm.obj
c:\users\devon\source\repos\rudimentary-evolution-dissertation\rudimentaryevolution\release\evolutionsimulation.obj
c:\users\devon\source\repos\rudimentary-evolution-dissertation\rudimentaryevolution\release\food.obj
c:\users\devon\source\repos\rudimentary-evolution-dissertation\rudimentaryevolution\release\organism.obj
c:\users\devon\source\repos\rudimentary-evolution-dissertation\rudimentaryevolution\release\baseobject.obj
c:\users\dev\source\repos\dfoister\rudimentary-evolution-dissertation\rudimentaryevolution\release\rudimentaryevolution.exe
c:\users\dev\source\repos\dfoister\rudimentary-evolution-dissertation\rudimentaryevolution\release\rudimentaryevolution.pdb
c:\users\dev\source\repos\dfoister\rudimentary-evolution-dissertation\rudimentaryevolution\release\rudimentaryevolution.ipdb
c:\users\dev\source\repos\dfoister\rudimentary-evolution-dissertation\rudimentaryevolution\release\rudimentaryevolution.iobj
c:\users\devon\source\repos\rudimentary-evolution-dissertation\rudimentaryevolution\release\rudimentaryevolution.ipdb
c:\users\devon\source\repos\rudimentary-evolution-dissertation\rudimentaryevolution\release\rudimentaryevolution.iobj
c:\users\devon\source\repos\rudimentary-evolution-dissertation\rudimentaryevolution\release\rudimentaryevolution.pdb
c:\users\devon\source\repos\rudimentary-evolution-dissertation\rudimentaryevolution\release\rudiment.845af3fc.tlog\cl.command.1.tlog
c:\users\devon\source\repos\rudimentary-evolution-dissertation\rudimentaryevolution\release\rudiment.845af3fc.tlog\cl.read.1.tlog
c:\users\devon\source\repos\rudimentary-evolution-dissertation\rudimentaryevolution\release\rudiment.845af3fc.tlog\cl.write.1.tlog
c:\users\devon\source\repos\rudimentary-evolution-dissertation\rudimentaryevolution\release\rudiment.845af3fc.tlog\link.command.1.tlog
c:\users\devon\source\repos\rudimentary-evolution-dissertation\rudimentaryevolution\release\rudiment.845af3fc.tlog\link.read.1.tlog
c:\users\devon\source\repos\rudimentary-evolution-dissertation\rudimentaryevolution\release\rudiment.845af3fc.tlog\link.write.1.tlog
c:\users\devon\source\repos\rudimentary-evolution-dissertation\rudimentaryevolution\release\rudiment.845af3fc.tlog\rudimentaryevolution.write.1u.tlog
