c:\users\devon\onedrive\documents\rudimentary-evolution-disseration\rudimentaryevolution\debug\vc142.pdb
c:\users\devon\onedrive\documents\rudimentary-evolution-disseration\rudimentaryevolution\debug\vc142.idb
c:\users\devon\onedrive\documents\rudimentary-evolution-disseration\rudimentaryevolution\debug\poison.obj
c:\users\devon\onedrive\documents\rudimentary-evolution-disseration\rudimentaryevolution\debug\wall.obj
c:\users\devon\onedrive\documents\rudimentary-evolution-disseration\rudimentaryevolution\debug\simphysics.obj
c:\users\devon\onedrive\documents\rudimentary-evolution-disseration\rudimentaryevolution\debug\rigidbody.obj
c:\users\devon\onedrive\documents\rudimentary-evolution-disseration\rudimentaryevolution\debug\collisionpair.obj
c:\users\devon\onedrive\documents\rudimentary-evolution-disseration\rudimentaryevolution\debug\collisionbounds.obj
c:\users\devon\onedrive\documents\rudimentary-evolution-disseration\rudimentaryevolution\debug\basicvector2operations.obj
c:\users\devon\onedrive\documents\rudimentary-evolution-disseration\rudimentaryevolution\debug\main.obj
c:\users\devon\onedrive\documents\rudimentary-evolution-disseration\rudimentaryevolution\debug\evolutionsimulation.obj
c:\users\devon\onedrive\documents\rudimentary-evolution-disseration\rudimentaryevolution\debug\food.obj
c:\users\devon\onedrive\documents\rudimentary-evolution-disseration\rudimentaryevolution\debug\organism.obj
c:\users\devon\onedrive\documents\rudimentary-evolution-disseration\rudimentaryevolution\debug\baseobject.obj
c:\users\devon\onedrive\documents\rudimentary-evolution-disseration\rudimentaryevolution\debug\rudimentaryevolution.pdb
c:\users\devon\onedrive\documents\rudimentary-evolution-disseration\rudimentaryevolution\debug\rudiment.845af3fc.tlog\cl.command.1.tlog
c:\users\devon\onedrive\documents\rudimentary-evolution-disseration\rudimentaryevolution\debug\rudiment.845af3fc.tlog\cl.read.1.tlog
c:\users\devon\onedrive\documents\rudimentary-evolution-disseration\rudimentaryevolution\debug\rudiment.845af3fc.tlog\cl.write.1.tlog
c:\users\devon\onedrive\documents\rudimentary-evolution-disseration\rudimentaryevolution\debug\rudiment.845af3fc.tlog\link-cvtres.read.1.tlog
c:\users\devon\onedrive\documents\rudimentary-evolution-disseration\rudimentaryevolution\debug\rudiment.845af3fc.tlog\link-cvtres.write.1.tlog
c:\users\devon\onedrive\documents\rudimentary-evolution-disseration\rudimentaryevolution\debug\rudiment.845af3fc.tlog\link-rc.read.1.tlog
c:\users\devon\onedrive\documents\rudimentary-evolution-disseration\rudimentaryevolution\debug\rudiment.845af3fc.tlog\link-rc.write.1.tlog
c:\users\devon\onedrive\documents\rudimentary-evolution-disseration\rudimentaryevolution\debug\rudiment.845af3fc.tlog\link.command.1.tlog
c:\users\devon\onedrive\documents\rudimentary-evolution-disseration\rudimentaryevolution\debug\rudiment.845af3fc.tlog\link.read.1.tlog
c:\users\devon\onedrive\documents\rudimentary-evolution-disseration\rudimentaryevolution\debug\rudiment.845af3fc.tlog\link.write.1.tlog
